[INFO] 18:14:11:524 KERNEL/(9896:9899):  [DESCRIBE GLOBAL]: TABLA1 SC 2 10
[INFO] 18:14:11:530 KERNEL/(9896:9899):  [DESCRIBE GLOBAL]: TABLA2 SC 2 10
[INFO] 18:14:21:291 KERNEL/(9896:9899):  [DESCRIBE GLOBAL]: TABLA1 SC 2 10
[INFO] 18:14:21:292 KERNEL/(9896:9899):  [DESCRIBE GLOBAL]: TABLA2 SC 2 10
[INFO] 18:17:56:603 KERNEL/(9986:9989):  [DESCRIBE GLOBAL]: TABLA1 SC 2 10
[INFO] 18:17:56:606 KERNEL/(9986:9989):  [DESCRIBE GLOBAL]: TABLA2 SC 2 10
[INFO] 18:18:41:985 KERNEL/(10016:10019):  [DESCRIBE GLOBAL]: TABLA1 SC 2 10
[INFO] 18:18:41:987 KERNEL/(10016:10019):  [DESCRIBE GLOBAL]: TABLA2 SC 2 10
[INFO] 18:23:41:383 KERNEL/(10102:10105):  [DESCRIBE GLOBAL]: TABLA1 SC 2 10
[INFO] 18:23:41:390 KERNEL/(10102:10105):  [DESCRIBE GLOBAL]: TABLA2 SC 2 10
[INFO] 18:23:56:654 KERNEL/(10102:10105):  [DESCRIBE GLOBAL]: TABLA1 SC 2 10
[INFO] 18:23:56:655 KERNEL/(10102:10105):  [DESCRIBE GLOBAL]: TABLA2 SC 2 10
[INFO] 18:24:27:379 KERNEL/(10102:10105):  [DESCRIBE GLOBAL]: TABLA1 SC 2 10
[INFO] 18:24:27:381 KERNEL/(10102:10105):  [DESCRIBE GLOBAL]: TABLA2 SC 2 10
[INFO] 18:24:58:470 KERNEL/(10102:10105):  [DESCRIBE GLOBAL]: TABLA1 SC 2 10
[INFO] 18:24:58:472 KERNEL/(10102:10105):  [DESCRIBE GLOBAL]: TABLA2 SC 2 10
[INFO] 18:25:29:455 KERNEL/(10102:10105):  [DESCRIBE GLOBAL]: TABLA1 SC 2 10
[INFO] 18:25:29:456 KERNEL/(10102:10105):  [DESCRIBE GLOBAL]: TABLA2 SC 2 10
[INFO] 18:27:15:135 KERNEL/(10145:10148):  [DESCRIBE GLOBAL]: TABLA1 SC 2 10
[INFO] 18:27:15:141 KERNEL/(10145:10148):  [DESCRIBE GLOBAL]: TABLA2 SC 2 10
[INFO] 18:27:46:818 KERNEL/(10145:10148):  [DESCRIBE GLOBAL]: TABLA1 SC 2 10
[INFO] 18:27:46:820 KERNEL/(10145:10148):  [DESCRIBE GLOBAL]: TABLA2 SC 2 10
[INFO] 18:28:08:581 KERNEL/(10145:10148):  [DESCRIBE GLOBAL]: TABLA1 SC 2 10
[INFO] 18:28:08:582 KERNEL/(10145:10148):  [DESCRIBE GLOBAL]: TABLA2 SC 2 10
[INFO] 21:07:18:57 KERNEL/(12312:12317):  [DESCRIBE GLOBAL]:   0 0
[INFO] 21:09:08:787 KERNEL/(12369:12374):  [DESCRIBE GLOBAL]: TABLA1 SC 2 10
[INFO] 21:09:08:798 KERNEL/(12369:12374):  [DESCRIBE GLOBAL]: TABLA2 SC 2 10
[INFO] 21:17:22:923 KERNEL/(12601:12604):  [DESCRIBE GLOBAL]:  SC 2 10
[INFO] 21:17:50:568 KERNEL/(12623:12628):  [DESCRIBE GLOBAL]: TABLA1 SC 2 10
[INFO] 21:18:21:294 KERNEL/(12635:12638):  [DESCRIBE GLOBAL]:  SC 2 10
[INFO] 21:19:22:909 KERNEL/(12660:12665):  [DESCRIBE GLOBAL]: TABLA1 SC 2 10
[INFO] 21:19:22:913 KERNEL/(12660:12665):  [DESCRIBE GLOBAL]: TABLA2 SC 2 10
[INFO] 21:35:04:844 KERNEL/(12869:12874):  [DESCRIBE GLOBAL]:   -1217136720 -1217136720
[INFO] 21:39:10:335 KERNEL/(12918:12923):  [DESCRIBE GLOBAL]: TABLA1 SC 2 10
[INFO] 21:39:10:354 KERNEL/(12918:12923):  [DESCRIBE GLOBAL]: TABLA2 SC 2 10
[INFO] 21:39:30:123 KERNEL/(12925:12930):  [DESCRIBE GLOBAL]:   -1217771600 -1217771600
[INFO] 21:45:40:576 KERNEL/(13076:13082):  [DESCRIBE GLOBAL]: TABLA1 SC 2 10
[INFO] 21:47:45:574 KERNEL/(13142:13148):  [DESCRIBE GLOBAL]: TABLA1 SC 2 10
[INFO] 21:48:05:469 KERNEL/(13154:13160):  [DESCRIBE GLOBAL]: TABLA1 SC 2 10
[INFO] 21:48:05:496 KERNEL/(13154:13160):  [DESCRIBE GLOBAL]: TABLA2 SC 2 10
[INFO] 22:07:08:503 KERNEL/(3781:3787):  [DESCRIBE GLOBAL]: TABLA1 SC 2 10
[INFO] 22:07:22:511 KERNEL/(3788:3794):  [DESCRIBE GLOBAL]: TABLA1 SC 2 10
[INFO] 22:08:02:822 KERNEL/(3815:3821):  [DESCRIBE GLOBAL]: TABLA1 SC 2 10
[INFO] 22:08:02:825 KERNEL/(3815:3821):  [DESCRIBE GLOBAL]: TABLA2 SC 2 10
[INFO] 22:09:28:34 KERNEL/(3853:3859):  [DESCRIBE GLOBAL]: TABLA1 SC 2 10
[INFO] 22:09:28:39 KERNEL/(3853:3859):  [DESCRIBE GLOBAL]: 
  1126105090 -1228931008
[INFO] 22:09:45:570 KERNEL/(3862:3868):  [DESCRIBE GLOBAL]: TABLA1 SC 2 10
[INFO] 22:09:45:610 KERNEL/(3862:3868):  [DESCRIBE GLOBAL]: TABLA2 SC 2 10
[INFO] 22:09:52:366 KERNEL/(3869:3875):  [DESCRIBE GLOBAL]: TABLA1 SC 2 10
[INFO] 22:09:52:375 KERNEL/(3869:3875):  [DESCRIBE GLOBAL]: 
  1126105090 -1264582592
[INFO] 22:12:02:397 KERNEL/(3951:3956):  [DESCRIBE GLOBAL]: TABLA1 SC 2 10
[INFO] 22:12:02:415 KERNEL/(3951:3956):  [DESCRIBE GLOBAL]: TABLA2 SC 2 10
[INFO] 22:12:06:887 KERNEL/(3957:3962):  [DESCRIBE GLOBAL]: TABLA1 SC 2 10
[INFO] 22:12:06:910 KERNEL/(3957:3962):  [DESCRIBE GLOBAL]: TABLA2 SC 2 10
[INFO] 22:12:10:546 KERNEL/(3963:3968):  [DESCRIBE GLOBAL]: TABLA1 SC 2 10
[INFO] 22:12:10:555 KERNEL/(3963:3968):  [DESCRIBE GLOBAL]: TABLA2 SC 2 10
[INFO] 22:12:15:430 KERNEL/(3969:3974):  [DESCRIBE GLOBAL]: TABLA1 SC 2 10
[INFO] 22:12:15:445 KERNEL/(3969:3974):  [DESCRIBE GLOBAL]: TABLA2 SC 2 10
[INFO] 22:12:20:211 KERNEL/(3975:3980):  [DESCRIBE GLOBAL]: TABLA1 SC 2 10
[INFO] 22:12:20:218 KERNEL/(3975:3980):  [DESCRIBE GLOBAL]: TABLA2 SC 2 10
[INFO] 22:12:27:312 KERNEL/(3987:3992):  [DESCRIBE GLOBAL]: TABLA1 SC 2 10
[INFO] 22:12:27:319 KERNEL/(3987:3992):  [DESCRIBE GLOBAL]: TABLA2 SC 2 10
[INFO] 22:12:30:75 KERNEL/(3993:3998):  [DESCRIBE GLOBAL]: TABLA1 SC 2 10
[INFO] 22:12:30:83 KERNEL/(3993:3998):  [DESCRIBE GLOBAL]: TABLA2 SC 2 10
[INFO] 22:13:41:662 KERNEL/(4058:4063):  [DESCRIBE GLOBAL]: TABLA1 SC 2 10
[INFO] 22:13:41:664 KERNEL/(4058:4063):  [DESCRIBE GLOBAL]: TABLA2 SC 2 10
[INFO] 22:13:44:546 KERNEL/(4064:4069):  [DESCRIBE GLOBAL]: TABLA1 SC 2 10
[INFO] 22:13:44:549 KERNEL/(4064:4069):  [DESCRIBE GLOBAL]: TABLA2 SC 2 10
[INFO] 22:13:46:852 KERNEL/(4070:4075):  [DESCRIBE GLOBAL]: TABLA1 SC 2 10
[INFO] 22:13:46:855 KERNEL/(4070:4075):  [DESCRIBE GLOBAL]: TABLA2 SC 2 10
[INFO] 22:13:48:624 KERNEL/(4076:4081):  [DESCRIBE GLOBAL]: TABLA1 SC 2 10
[INFO] 22:13:48:631 KERNEL/(4076:4081):  [DESCRIBE GLOBAL]: TABLA2 SC 2 10
[INFO] 22:13:50:768 KERNEL/(4082:4087):  [DESCRIBE GLOBAL]: TABLA1 SC 2 10
[INFO] 22:13:50:779 KERNEL/(4082:4087):  [DESCRIBE GLOBAL]: TABLA2 SC 2 10
[INFO] 22:13:52:667 KERNEL/(4088:4093):  [DESCRIBE GLOBAL]: TABLA1 SC 2 10
[INFO] 22:13:52:674 KERNEL/(4088:4093):  [DESCRIBE GLOBAL]: TABLA2 SC 2 10
[INFO] 22:19:09:245 KERNEL/(4259:4265):  [DESCRIBE GLOBAL]: TABLA1 SC 2 10
[INFO] 22:19:09:254 KERNEL/(4259:4265):  [DESCRIBE GLOBAL]: TABLA2 SC 2 10
[INFO] 22:20:31:496 KERNEL/(4305:4311):  [DESCRIBE GLOBAL]: TABLA1 SC 2 10
[INFO] 22:20:31:509 KERNEL/(4305:4311):  [DESCRIBE GLOBAL]: TABLA2 SC 2 10
[INFO] 22:20:37:101 KERNEL/(4312:4318):  [DESCRIBE GLOBAL]: TABLA1 SC 2 10
[INFO] 22:20:37:109 KERNEL/(4312:4318):  [DESCRIBE GLOBAL]: TABLA2 SC 2 10
[INFO] 22:20:39:531 KERNEL/(4319:4325):  [DESCRIBE GLOBAL]: TABLA1 SC 2 10
[INFO] 22:20:39:540 KERNEL/(4319:4325):  [DESCRIBE GLOBAL]: TABLA2 SC 2 10
[INFO] 22:20:41:433 KERNEL/(4326:4332):  [DESCRIBE GLOBAL]: TABLA1 SC 2 10
[INFO] 22:20:41:435 KERNEL/(4326:4332):  [DESCRIBE GLOBAL]: TABLA2 SC 2 10
[INFO] 22:20:44:182 KERNEL/(4333:4339):  [DESCRIBE GLOBAL]: TABLA1 SC 2 10
[INFO] 22:20:44:195 KERNEL/(4333:4339):  [DESCRIBE GLOBAL]: TABLA2 SC 2 10
[INFO] 22:23:17:826 KERNEL/(4404:4410):  [DESCRIBE GLOBAL]: TABLA1 SC 2 10
[INFO] 22:23:17:836 KERNEL/(4404:4410):  [DESCRIBE GLOBAL]: TABLA2 SC 2 10
[INFO] 22:23:47:890 KERNEL/(4404:4410):  [DESCRIBE GLOBAL]: TABLA1 SC 2 10
[INFO] 22:23:47:894 KERNEL/(4404:4410):  [DESCRIBE GLOBAL]: TABLA2 SC 2 10
[INFO] 22:24:17:948 KERNEL/(4404:4410):  [DESCRIBE GLOBAL]: TABLA1 SC 2 10
[INFO] 22:24:17:952 KERNEL/(4404:4410):  [DESCRIBE GLOBAL]: TABLA2 SC 2 10
[INFO] 22:24:48:9 KERNEL/(4404:4410):  [DESCRIBE GLOBAL]: TABLA1 SC 2 10
[INFO] 22:24:48:13 KERNEL/(4404:4410):  [DESCRIBE GLOBAL]: TABLA2 SC 2 10
